\BOOKMARK [1][-]{section.1}{Education}{}% 1
\BOOKMARK [2][-]{subsection.1.1}{Cal\040State\040Northridge}{section.1}% 2
\BOOKMARK [1][-]{section.2}{Links}{}% 3
\BOOKMARK [1][-]{section.3}{Software}{}% 4
\BOOKMARK [2][-]{subsection.3.1}{Languages}{section.3}% 5
\BOOKMARK [2][-]{subsection.3.2}{Frameworks\040&\040Libraries}{section.3}% 6
\BOOKMARK [2][-]{subsection.3.3}{Development\040Operations}{section.3}% 7
\BOOKMARK [1][-]{section.4}{Skills}{}% 8
\BOOKMARK [2][-]{subsection.4.1}{Cryptography\040+\040Cyber-Sec}{section.4}% 9
\BOOKMARK [2][-]{subsection.4.2}{System\040Engineering}{section.4}% 10
\BOOKMARK [1][-]{section.5}{Experience}{}% 11
\BOOKMARK [1][-]{section.6}{Coursework}{}% 12
\BOOKMARK [2][-]{subsection.6.1}{Graduate}{section.6}% 13
\BOOKMARK [2][-]{subsection.6.2}{Coursera}{section.6}% 14
\BOOKMARK [2][-]{subsection.6.3}{MOOC}{section.6}% 15
\BOOKMARK [2][-]{subsection.6.4}{Black\040Hat\0402014}{section.6}% 16
\BOOKMARK [2][-]{subsection.6.5}{IACR}{section.6}% 17
\BOOKMARK [1][-]{section.7}{Interests}{}% 18
\BOOKMARK [2][-]{subsection.7.1}{Crypto\040+\040PL}{section.7}% 19
\BOOKMARK [2][-]{subsection.7.2}{Optimization}{section.7}% 20
\BOOKMARK [1][-]{section.8}{Research}{}% 21
\BOOKMARK [1][-]{section.9}{Presentations}{}% 22
\BOOKMARK [1][-]{section.10}{Miscellaneous\040Software\040Development}{}% 23
